g:\repogitory\hidemaru-net\win-hidemaru-app\hm_activeperl\hmperl.src\hmperl\release\dllmain.obj
g:\repogitory\hidemaru-net\win-hidemaru-app\hm_activeperl\hmperl.src\hmperl\release\tinystr.obj
g:\repogitory\hidemaru-net\win-hidemaru-app\hm_activeperl\hmperl.src\hmperl\release\self_dll_info.obj
g:\repogitory\hidemaru-net\win-hidemaru-app\hm_activeperl\hmperl.src\hmperl\release\hidemaruexe_export.obj
g:\repogitory\hidemaru-net\win-hidemaru-app\hm_activeperl\hmperl.src\hmperl\release\hm_original_encode_mapfunc.obj
g:\repogitory\hidemaru-net\win-hidemaru-app\hm_activeperl\hmperl.src\hmperl\release\hm_original_encode_map.obj
g:\repogitory\hidemaru-net\win-hidemaru-app\hm_activeperl\hmperl.src\hmperl\release\perlez_magical_scalar.obj
g:\repogitory\hidemaru-net\win-hidemaru-app\hm_activeperl\hmperl.src\hmperl\release\dllfunc_interface_internal.obj
g:\repogitory\hidemaru-net\win-hidemaru-app\hm_activeperl\hmperl.src\hmperl\release\tinyxmlparser.obj
g:\repogitory\hidemaru-net\win-hidemaru-app\hm_activeperl\hmperl.src\hmperl\release\perlez_engine.obj
g:\repogitory\hidemaru-net\win-hidemaru-app\hm_activeperl\hmperl.src\hmperl\release\perlez_engine_path.obj
g:\repogitory\hidemaru-net\win-hidemaru-app\hm_activeperl\hmperl.src\hmperl\release\tinyxml.obj
g:\repogitory\hidemaru-net\win-hidemaru-app\hm_activeperl\hmperl.src\hmperl\release\output_debugstream.obj
g:\repogitory\hidemaru-net\win-hidemaru-app\hm_activeperl\hmperl.src\hmperl\release\convert_string.obj
g:\repogitory\hidemaru-net\win-hidemaru-app\hm_activeperl\hmperl.src\hmperl\release\tinyxmlerror.obj
g:\repogitory\hidemaru-net\win-hidemaru-app\hm_activeperl\hmperl.src\hmperl\release\dllfunc_interface.obj
g:\repogitory\hidemaru-net\win-hidemaru-app\hm_activeperl\hmperl.src\hmperl\release\vc141.pdb
g:\repogitory\hidemaru-net\win-hidemaru-app\hm_activeperl\hmperl.src\release\hmperl.lib
g:\repogitory\hidemaru-net\win-hidemaru-app\hm_activeperl\hmperl.src\release\hmperl.exp
g:\repogitory\hidemaru-net\win-hidemaru-app\hm_activeperl\hmperl.src\release\hmperl.ipdb
g:\repogitory\hidemaru-net\win-hidemaru-app\hm_activeperl\hmperl.src\release\hmperl.iobj
g:\repogitory\hidemaru-net\win-hidemaru-app\hm_activeperl\hmperl.src\release\hmperl.dll
g:\repogitory\hidemaru-net\win-hidemaru-app\hm_activeperl\hmperl.src\hmperl\release\hmperl.res
g:\repogitory\hidemaru-net\win-hidemaru-app\hm_activeperl\hmperl.src\hmperl\release\hmperl.tlog\cl.10064.write.1.tlog
g:\repogitory\hidemaru-net\win-hidemaru-app\hm_activeperl\hmperl.src\hmperl\release\hmperl.tlog\cl.command.1.tlog
g:\repogitory\hidemaru-net\win-hidemaru-app\hm_activeperl\hmperl.src\hmperl\release\hmperl.tlog\cl.read.1.tlog
g:\repogitory\hidemaru-net\win-hidemaru-app\hm_activeperl\hmperl.src\hmperl\release\hmperl.tlog\hmperl.write.1u.tlog
g:\repogitory\hidemaru-net\win-hidemaru-app\hm_activeperl\hmperl.src\hmperl\release\hmperl.tlog\link.command.1.tlog
g:\repogitory\hidemaru-net\win-hidemaru-app\hm_activeperl\hmperl.src\hmperl\release\hmperl.tlog\link.read.1.tlog
g:\repogitory\hidemaru-net\win-hidemaru-app\hm_activeperl\hmperl.src\hmperl\release\hmperl.tlog\link.write.1.tlog
g:\repogitory\hidemaru-net\win-hidemaru-app\hm_activeperl\hmperl.src\hmperl\release\hmperl.tlog\rc.command.1.tlog
g:\repogitory\hidemaru-net\win-hidemaru-app\hm_activeperl\hmperl.src\hmperl\release\hmperl.tlog\rc.read.1.tlog
g:\repogitory\hidemaru-net\win-hidemaru-app\hm_activeperl\hmperl.src\hmperl\release\hmperl.tlog\rc.write.1.tlog
